<?xml version="1.0" encoding="UTF-8"?>
<!-- Generated by org.testng.reporters.JUnitReportReporter -->
<testsuite skipped="0" hostname="DESKTOP-D0JM4M2" name="org.git.GitTesting" tests="1" failures="0" timestamp="21 Apr 2022 04:30:55 GMT" time="0.079" errors="0">
  <testcase name="add" time="0.079" classname="org.git.GitTesting"/>
</testsuite> <!-- org.git.GitTesting -->
